<?xml version="1.0" encoding="UTF-8"?>
<testsuite name="TraderTest" tests="1" skipped="0" failures="0" errors="0" timestamp="2022-09-25T01:27:54" hostname="LAPTOP-OTEVQTSP" time="0.003">
  <properties/>
  <testcase name="TestEmptyConstructor" classname="TraderTest" time="0.003"/>
  <system-out><![CDATA[]]></system-out>
  <system-err><![CDATA[]]></system-err>
</testsuite>
